<?xml version="1.0" encoding="UTF-8"?>
<!-- Generated by org.testng.reporters.JUnitReportReporter -->
<testsuite hostname="Sumathi" failures="0" tests="2" name="testRunner.TestNGTestRunner" time="20.231" errors="0" timestamp="2022-06-03T19:46:13 MDT" skipped="0">
  <testcase classname="testRunner.TestNGTestRunner" name="runScenario" time="10.934"/>
  <system-out/>
  <testcase classname="testRunner.TestNGTestRunner" name="runScenario" time="9.297"/>
  <system-out/>
</testsuite> <!-- testRunner.TestNGTestRunner -->
